<?xml version="1.0" encoding="UTF-8"?>
<testng-results ignored="0" total="1" passed="1" failed="0" skipped="0">
  <reporter-output>
  </reporter-output>
  <suite started-at="2024-06-06T23:49:40 CDT" name="Default suite" finished-at="2024-06-06T23:49:55 CDT" duration-ms="15282">
    <groups>
    </groups>
    <test started-at="2024-06-06T23:49:40 CDT" name="Default test" finished-at="2024-06-06T23:49:55 CDT" duration-ms="15282">
      <class name="test.AddCustomerTest">
        <test-method signature="userShouldBeAbleToCreateNewCustomer()[pri:0, instance:test.AddCustomerTest@60641ec8]" started-at="2024-06-06T23:49:40 CDT" name="userShouldBeAbleToCreateNewCustomer" finished-at="2024-06-06T23:49:55 CDT" duration-ms="15264" status="PASS">
          <reporter-output>
          </reporter-output>
        </test-method> <!-- userShouldBeAbleToCreateNewCustomer -->
      </class> <!-- test.AddCustomerTest -->
    </test> <!-- Default test -->
  </suite> <!-- Default suite -->
</testng-results>
